<?xml version="1.0" encoding="UTF-8"?>
<testng-results ignored="0" total="2" passed="2" failed="0" skipped="0">
  <reporter-output>
  </reporter-output>
  <suite started-at="2023-08-08T17:18:09 EDT" name="Default suite" finished-at="2023-08-08T17:18:09 EDT" duration-ms="238">
    <groups>
    </groups>
    <test started-at="2023-08-08T17:18:09 EDT" name="Default test" finished-at="2023-08-08T17:18:09 EDT" duration-ms="238">
      <class name="POJO.JSONArraySerialization">
        <test-method signature="createJSONArrayFromPOJO()[pri:0, instance:POJO.JSONArraySerialization@cad498c]" started-at="2023-08-08T17:18:09 EDT" name="createJSONArrayFromPOJO" finished-at="2023-08-08T17:18:09 EDT" duration-ms="179" status="PASS">
          <reporter-output>
          </reporter-output>
        </test-method> <!-- createJSONArrayFromPOJO -->
        <test-method signature="getPOJOFromObject()[pri:0, instance:POJO.JSONArraySerialization@cad498c]" started-at="2023-08-08T17:18:09 EDT" name="getPOJOFromObject" finished-at="2023-08-08T17:18:09 EDT" duration-ms="34" status="PASS">
          <reporter-output>
          </reporter-output>
        </test-method> <!-- getPOJOFromObject -->
      </class> <!-- POJO.JSONArraySerialization -->
    </test> <!-- Default test -->
  </suite> <!-- Default suite -->
</testng-results>
